<?xml version="1.0" encoding="UTF-8"?>
<!-- Generated by org.testng.reporters.JUnitReportReporter -->
<testsuite hostname="DESKTOP-9UT4DF8" name="test.Verify_searchemp" tests="1" failures="0" timestamp="19 May 2021 08:41:49 GMT" time="8.881" errors="0">
  <testcase name="searchhrm_excel" time="8.881" classname="test.Verify_searchemp"/>
</testsuite> <!-- test.Verify_searchemp -->
